#
# There is insufficient memory for the Java Runtime Environment to continue.
# Native memory allocation (mmap) failed to map 402653184 bytes for G1 virtual space
# Possible reasons:
#   The system is out of physical RAM or swap space
#   The process is running with CompressedOops enabled, and the Java Heap may be blocking the growth of the native heap
# Possible solutions:
#   Reduce memory load on the system
#   Increase physical memory or swap space
#   Check if swap backing store is full
#   Decrease Java heap size (-Xmx/-Xms)
#   Decrease number of Java threads
#   Decrease Java thread stack sizes (-Xss)
#   Set larger code cache with -XX:ReservedCodeCacheSize=
#   JVM is running with Unscaled Compressed Oops mode in which the Java heap is
#     placed in the first 4GB address space. The Java Heap base address is the
#     maximum limit for the native heap growth. Please use -XX:HeapBaseMinAddress
#     to set the Java Heap base and to place the Java Heap above 4GB virtual address.
# This output file may be truncated or incomplete.
#
#  Out of Memory Error (os_windows.cpp:3769), pid=1204, tid=20624
#
# JRE version:  (17.0.6) (build )
# Java VM: OpenJDK 64-Bit Server VM (17.0.6+0-b2043.56-9586694, mixed mode, sharing, tiered, compressed oops, compressed class ptrs, g1 gc, windows-amd64)
# No core dump will be written. Minidumps are not enabled by default on client versions of Windows
#

---------------  S U M M A R Y ------------

Command Line: -Djava.awt.headless=true -Dorg.gradle.internal.worker.tmpdir=D:\training\AndroidTraining\fastcampusAndroid\mediaSearchApp\app\build\tmp\testDebugUnitTest\work -Dorg.gradle.native=false -Xmx512m -Dfile.encoding=UTF-8 -Duser.country=KR -Duser.language=ko -Duser.variant -ea worker.org.gradle.process.internal.worker.GradleWorkerMain 'Gradle Test Executor 4'

Host: Intel(R) Core(TM) i5-6500 CPU @ 3.20GHz, 4 cores, 23G,  Windows 10 , 64 bit Build 19041 (10.0.19041.2788)
Time: Mon May 15 01:08:21 2023  Windows 10 , 64 bit Build 19041 (10.0.19041.2788) elapsed time: 0.022460 seconds (0d 0h 0m 0s)

---------------  T H R E A D  ---------------

Current thread (0x000001426c65dff0):  JavaThread "Unknown thread" [_thread_in_vm, id=20624, stack(0x00000008caf00000,0x00000008cb000000)]

Stack: [0x00000008caf00000,0x00000008cb000000]
Native frames: (J=compiled Java code, j=interpreted, Vv=VM code, C=native code)
V  [jvm.dll+0x683b4a]
V  [jvm.dll+0x842654]
V  [jvm.dll+0x843dfe]
V  [jvm.dll+0x844463]
V  [jvm.dll+0x249b75]
V  [jvm.dll+0x680a19]
V  [jvm.dll+0x674f0a]
V  [jvm.dll+0x309acb]
V  [jvm.dll+0x310f86]
V  [jvm.dll+0x3608ee]
V  [jvm.dll+0x360b1f]
V  [jvm.dll+0x2dfbf8]
V  [jvm.dll+0x2e0b64]
V  [jvm.dll+0x813f41]
V  [jvm.dll+0x36e6a1]
V  [jvm.dll+0x7f347c]
V  [jvm.dll+0x3f0e8f]
V  [jvm.dll+0x3f29d1]
C  [jli.dll+0x526b]
C  [ucrtbase.dll+0x21bb2]
C  [KERNEL32.DLL+0x17604]
C  [ntdll.dll+0x526a1]


---------------  P R O C E S S  ---------------

Threads class SMR info:
_java_thread_list=0x00007ffc0ee4c058, length=0, elements={
}

Java Threads: ( => current thread )

Other Threads:
  0x000001426e7d7b40 GCTaskThread "GC Thread#0" [stack: 0x00000008cb000000,0x00000008cb100000] [id=18904]
  0x000001426e7dc990 ConcurrentGCThread "G1 Main Marker" [stack: 0x00000008cb100000,0x00000008cb200000] [id=5696]
  0x000001426e7dea60 ConcurrentGCThread "G1 Conc#0" [stack: 0x00000008cb200000,0x00000008cb300000] [id=11212]

[error occurred during error reporting (printing all threads), id 0xc0000005, EXCEPTION_ACCESS_VIOLATION (0xc0000005) at pc=0x00007ffc0e600797]

VM state: not at safepoint (not fully initialized)

VM Mutex/Monitor currently owned by a thread:  ([mutex/lock_event])
[0x000001426c65bca0] Heap_lock - owner thread: 0x000001426c65dff0

Heap address: 0x00000000e0000000, size: 512 MB, Compressed Oops mode: 32-bit

CDS archive(s) mapped at: [0x0000000000000000-0x0000000000000000-0x0000000000000000), size 0, SharedBaseAddress: 0x0000000800000000, ArchiveRelocationMode: 0.
Narrow klass base: 0x0000000000000000, Narrow klass shift: 0, Narrow klass range: 0x0

GC Precious Log:
<Empty>

Heap:
 garbage-first heap   total 0K, used 0K [0x00000000e0000000, 0x0000000100000000)
  region size 1024K, 0 young (0K), 0 survivors (0K)

[error occurred during error reporting (printing heap information), id 0xc0000005, EXCEPTION_ACCESS_VIOLATION (0xc0000005) at pc=0x00007ffc0e9ed939]

GC Heap History (0 events):
No events

Dll operation events (1 events):
Event: 0.015 Loaded shared library C:\Program Files\Android\Android Studio\jbr\bin\java.dll

Deoptimization events (0 events):
No events

Classes unloaded (0 events):
No events

Classes redefined (0 events):
No events

Internal exceptions (0 events):
No events

VM Operations (0 events):
No events

Events (0 events):
No events


Dynamic libraries:
0x00007ff705e00000 - 0x00007ff705e0a000 	C:\Program Files\Android\Android Studio\jbr\bin\java.exe
0x00007ffc61410000 - 0x00007ffc61608000 	C:\WINDOWS\SYSTEM32\ntdll.dll
0x00007ffc5fb50000 - 0x00007ffc5fc0f000 	C:\WINDOWS\System32\KERNEL32.DLL
0x00007ffc5ee30000 - 0x00007ffc5f10a000 	C:\WINDOWS\System32\KERNELBASE.dll
0x00007ffc5f370000 - 0x00007ffc5f470000 	C:\WINDOWS\System32\ucrtbase.dll
0x00007ffc51d50000 - 0x00007ffc51d6b000 	C:\Program Files\Android\Android Studio\jbr\bin\VCRUNTIME140.dll
0x00007ffc58560000 - 0x00007ffc58577000 	C:\Program Files\Android\Android Studio\jbr\bin\jli.dll
0x00007ffc5f470000 - 0x00007ffc5f60d000 	C:\WINDOWS\System32\USER32.dll
0x00007ffc5ed60000 - 0x00007ffc5ed82000 	C:\WINDOWS\System32\win32u.dll
0x00007ffc60be0000 - 0x00007ffc60c0b000 	C:\WINDOWS\System32\GDI32.dll
0x00007ffc5f260000 - 0x00007ffc5f370000 	C:\WINDOWS\System32\gdi32full.dll
0x00007ffc49820000 - 0x00007ffc49aba000 	C:\WINDOWS\WinSxS\amd64_microsoft.windows.common-controls_6595b64144ccf1df_6.0.19041.1110_none_60b5254171f9507e\COMCTL32.dll
0x00007ffc5ed90000 - 0x00007ffc5ee2d000 	C:\WINDOWS\System32\msvcp_win.dll
0x00007ffc60610000 - 0x00007ffc606ae000 	C:\WINDOWS\System32\msvcrt.dll
0x00007ffc5fa70000 - 0x00007ffc5faa0000 	C:\WINDOWS\System32\IMM32.DLL
0x00007ffc55940000 - 0x00007ffc5594c000 	C:\Program Files\Android\Android Studio\jbr\bin\vcruntime140_1.dll
0x00007ffc36920000 - 0x00007ffc369ad000 	C:\Program Files\Android\Android Studio\jbr\bin\msvcp140.dll
0x00007ffc0e310000 - 0x00007ffc0ef7d000 	C:\Program Files\Android\Android Studio\jbr\bin\server\jvm.dll
0x00007ffc60b30000 - 0x00007ffc60bde000 	C:\WINDOWS\System32\ADVAPI32.dll
0x00007ffc5fc30000 - 0x00007ffc5fccc000 	C:\WINDOWS\System32\sechost.dll
0x00007ffc5fcd0000 - 0x00007ffc5fdf6000 	C:\WINDOWS\System32\RPCRT4.dll
0x00007ffc56d80000 - 0x00007ffc56da7000 	C:\WINDOWS\SYSTEM32\WINMM.dll
0x00007ffc5a7f0000 - 0x00007ffc5a7f9000 	C:\WINDOWS\SYSTEM32\WSOCK32.dll
0x00007ffc59410000 - 0x00007ffc5941a000 	C:\WINDOWS\SYSTEM32\VERSION.dll
0x00007ffc5ffb0000 - 0x00007ffc6001b000 	C:\WINDOWS\System32\WS2_32.dll
0x00007ffc5ca00000 - 0x00007ffc5ca12000 	C:\WINDOWS\SYSTEM32\kernel.appcore.dll
0x00007ffc5a4d0000 - 0x00007ffc5a4da000 	C:\Program Files\Android\Android Studio\jbr\bin\jimage.dll
0x00007ffc4b810000 - 0x00007ffc4b9f4000 	C:\WINDOWS\SYSTEM32\DBGHELP.DLL
0x00007ffc43e10000 - 0x00007ffc43e44000 	C:\WINDOWS\SYSTEM32\dbgcore.DLL
0x00007ffc5ecd0000 - 0x00007ffc5ed52000 	C:\WINDOWS\System32\bcryptPrimitives.dll
0x00007ffc58530000 - 0x00007ffc58555000 	C:\Program Files\Android\Android Studio\jbr\bin\java.dll

dbghelp: loaded successfully - version: 4.0.5 - missing functions: none
symbol engine: initialized successfully - sym options: 0x614 - pdb path: .;C:\Program Files\Android\Android Studio\jbr\bin;C:\WINDOWS\SYSTEM32;C:\WINDOWS\WinSxS\amd64_microsoft.windows.common-controls_6595b64144ccf1df_6.0.19041.1110_none_60b5254171f9507e;C:\Program Files\Android\Android Studio\jbr\bin\server

VM Arguments:
jvm_args: -Djava.awt.headless=true -Dorg.gradle.internal.worker.tmpdir=D:\training\AndroidTraining\fastcampusAndroid\mediaSearchApp\app\build\tmp\testDebugUnitTest\work -Dorg.gradle.native=false -Xmx512m -Dfile.encoding=UTF-8 -Duser.country=KR -Duser.language=ko -Duser.variant -ea 
java_command: worker.org.gradle.process.internal.worker.GradleWorkerMain 'Gradle Test Executor 4'
java_class_path (initial): C:\\Users\\user\\.gradle\\caches\\8.0\\workerMain\\gradle-worker.jar;D:\\training\\AndroidTraining\\fastcampusAndroid\\mediaSearchApp\\app\\build\\tmp\\kotlin-classes\\debugUnitTest;D:\\training\\AndroidTraining\\fastcampusAndroid\\mediaSearchApp\\app\\build\\tmp\\kapt3\\classes\\debugUnitTest;D:\\training\\AndroidTraining\\fastcampusAndroid\\mediaSearchApp\\app\\build\\intermediates\\runtime_app_classes_jar\\debug\\classes.jar;C:\\Users\\user\\.gradle\\caches\\transforms-3\\6a8a01ccfd8ad183e08135aefad1473b\\transformed\\core-testing-2.2.0-runtime.jar;C:\\Users\\user\\.gradle\\caches\\modules-2\\files-2.1\\junit\\junit\\4.13.2\\8ac9e16d933b6fb43bc7f576336b8f4d7eb5ba12\\junit-4.13.2.jar;C:\\Users\\user\\.gradle\\caches\\modules-2\\files-2.1\\org.mockito\\mockito-inline\\5.0.0\\3d1dffee9a8a1998ec782383ca2f818848f2d5f1\\mockito-inline-5.0.0.jar;C:\\Users\\user\\.gradle\\caches\\transforms-3\\df45f35088ea5b0a8cd4168905de5b8e\\transformed\\databinding-adapters-8.0.0-runtime.jar;C:\\Users\\user\\.gradle\\caches\\transforms-3\\05e6ee6c5297cadc126ccf928b3ff5af\\transformed\\databinding-ktx-8.0.0-runtime.jar;C:\\Users\\user\\.gradle\\caches\\transforms-3\\eeb40e5c7d09fbfdbc46d9aee5d4d43b\\transformed\\databinding-runtime-8.0.0-runtime.jar;C:\\Users\\user\\.gradle\\caches\\modules-2\\files-2.1\\androidx.databinding\\databinding-common\\8.0.0\\84ed411631d2c4113f4ad992669fe3f50a83f072\\databinding-common-8.0.0.jar;C:\\Users\\user\\.gradle\\caches\\transforms-3\\771e31c1f1fcb864ea40f5ed3899a958\\transformed\\coil-2.3.0-runtime.jar;C:\\Users\\user\\.gradle\\caches\\transforms-3\\f67cd194d47620260f8d69caaabccfef\\transformed\\coil-base-2.3.0-runtime.jar;C:\\Users\\user\\.gradle\\caches\\transforms-3\\3a7b01883a078e38bcf46e5fde285fac\\transformed\\material-1.8.0-runtime.jar;C:\\Users\\user\\.gradle\\caches\\transforms-3\\0747e25aedb0b0b4e2ade430647e6684\\transformed\\constraintlayout-2.1.4-runtime.jar;C:\\Users\\user\\.gradle\\caches\\transforms-3\\e906
Launcher Type: SUN_STANDARD

[Global flags]
     intx CICompilerCount                          = 3                                         {product} {ergonomic}
     uint ConcGCThreads                            = 1                                         {product} {ergonomic}
     uint G1ConcRefinementThreads                  = 4                                         {product} {ergonomic}
   size_t G1HeapRegionSize                         = 1048576                                   {product} {ergonomic}
    uintx GCDrainStackTargetSize                   = 64                                        {product} {ergonomic}
   size_t InitialHeapSize                          = 402653184                                 {product} {ergonomic}
   size_t MarkStackSize                            = 4194304                                   {product} {ergonomic}
   size_t MaxHeapSize                              = 536870912                                 {product} {command line}
   size_t MinHeapDeltaBytes                        = 1048576                                   {product} {ergonomic}
   size_t MinHeapSize                              = 8388608                                   {product} {ergonomic}
    uintx NonNMethodCodeHeapSize                   = 5832780                                {pd product} {ergonomic}
    uintx NonProfiledCodeHeapSize                  = 122912730                              {pd product} {ergonomic}
    uintx ProfiledCodeHeapSize                     = 122912730                              {pd product} {ergonomic}
    uintx ReservedCodeCacheSize                    = 251658240                              {pd product} {ergonomic}
     bool SegmentedCodeCache                       = true                                      {product} {ergonomic}
   size_t SoftMaxHeapSize                          = 536870912                              {manageable} {ergonomic}
     bool UseCompressedClassPointers               = true                           {product lp64_product} {ergonomic}
     bool UseCompressedOops                        = true                           {product lp64_product} {ergonomic}
     bool UseG1GC                                  = true                                      {product} {ergonomic}
     bool UseLargePagesIndividualAllocation        = false                                  {pd product} {ergonomic}

Logging:
Log output configuration:
 #0: stdout all=warning uptime,level,tags
 #1: stderr all=off uptime,level,tags

Environment Variables:
JAVA_HOME=C:\Program Files\Java\jdk-18.0.2.1
CLASSPATH=C:\Program Files\Java\jdk-18.0.2.1\lib
PATH=C:\Program Files\Common Files\Oracle\Java\javapath;C:\Users\user\AppData\Local\Android\Sdk\platform-tools;C:\Users\user\AppData\Local\Android\Sdk\tools;C:\Users\user\AppData\Local\Android\tools\bin;C:\Program Files\Git\bin;C:\Program Files\Git\cmd;C:\Program Files\Git\bin\git.exe;C:\src\flutter\bin;C:\Windows\System32;C:\Windows\System32\WindowsPowerShell\v1.0;C:\Program Files\Java\jdk-16.0.1\bin;C:\Users\openssl-0.9.8k_X64\bin;C:\Program Files\NVIDIA Corporation\NVIDIA NvDLISR;C:\Program Files (x86)\NVIDIA Corporation\PhysX\Common;C:\Program Files\Java\jdk-18.0.2.1\bin;C:\Ruby32-x64\bin;C:\Ruby31\bin;C:\Ruby31-x64\bin;C:\Users\user\AppData\Local\Microsoft\WindowsApps;C:\Users\user\AppData\Local\afreeca;C:\Users\user\AppData\Local\Programs\Microsoft VS Code\bin;C:\Users\user\development\flutter\bin;C:\flutter_windows_3.7.5-stable\flutter\bin
USERNAME=user
TMPDIR=C:\Users\Public\Documents\ESTsoft\CreatorTemp
OS=Windows_NT
PROCESSOR_IDENTIFIER=Intel64 Family 6 Model 94 Stepping 3, GenuineIntel
TMP=C:\Users\user\AppData\Local\Temp
TEMP=C:\Users\user\AppData\Local\Temp



---------------  S Y S T E M  ---------------

OS:
 Windows 10 , 64 bit Build 19041 (10.0.19041.2788)
OS uptime: 14 days 7:23 hours

CPU: total 4 (initial active 4) (4 cores per cpu, 1 threads per core) family 6 model 94 stepping 3 microcode 0xcc, cx8, cmov, fxsr, mmx, 3dnowpref, sse, sse2, sse3, ssse3, sse4.1, sse4.2, popcnt, lzcnt, tsc, tscinvbit, avx, avx2, aes, erms, clmul, bmi1, bmi2, rtm, adx, fma, vzeroupper, clflush, clflushopt

Memory: 4k page, system-wide physical 24496M (4628M free)
TotalPageFile size 24496M (AvailPageFile size 344M)
current process WorkingSet (physical memory assigned to process): 10M, peak: 10M
current process commit charge ("private bytes"): 51M, peak: 435M

vm_info: OpenJDK 64-Bit Server VM (17.0.6+0-b2043.56-9586694) for windows-amd64 JRE (17.0.6+0-b2043.56-9586694), built on Feb  9 2023 20:06:20 by "androidbuild" with MS VC++ 16.10 / 16.11 (VS2019)

END.
